{"/home/robert/Work/github/redux-first-router-boilerplate/setupTests.js": {"path":"/home/robert/Work/github/redux-first-router-boilerplate/setupTests.js","statementMap":{"0":{"start":{"line":1,"column":0},"end":{"line":1,"column":25}},"1":{"start":{"line":9,"column":0},"end":{"line":9,"column":44}}},"fnMap":{},"branchMap":{},"s":{"0":1,"1":1},"f":{},"b":{},"_coverageSchema":"332fd63041d2c1bcb487cc26dd0d5f7d97098a6c","hash":"3bbf6d84d42210eb29976c79656817e77e24c207"}
,"/home/robert/Work/github/redux-first-router-boilerplate/src/components/ArticlePromotion/ArticlePromotion.js": {"path":"/home/robert/Work/github/redux-first-router-boilerplate/src/components/ArticlePromotion/ArticlePromotion.js","statementMap":{"0":{"start":{"line":5,"column":2},"end":{"line":16,"column":8}}},"fnMap":{"0":{"name":"(anonymous_0)","decl":{"start":{"line":4,"column":15},"end":{"line":4,"column":16}},"loc":{"start":{"line":5,"column":2},"end":{"line":16,"column":8}},"line":5}},"branchMap":{},"s":{"0":0},"f":{"0":0},"b":{},"_coverageSchema":"332fd63041d2c1bcb487cc26dd0d5f7d97098a6c","hash":"6e2ff2d9a057dcd27d44d0dec81433f705729dbb"}
,"/home/robert/Work/github/redux-first-router-boilerplate/src/components/ArticlePromotion/index.js": {"path":"/home/robert/Work/github/redux-first-router-boilerplate/src/components/ArticlePromotion/index.js","statementMap":{},"fnMap":{},"branchMap":{},"s":{},"f":{},"b":{},"_coverageSchema":"332fd63041d2c1bcb487cc26dd0d5f7d97098a6c","hash":"3ae0a0d46f80109913cfc41eed005afbb411456b"}
,"/home/robert/Work/github/redux-first-router-boilerplate/src/pages/Home/Home.js": {"path":"/home/robert/Work/github/redux-first-router-boilerplate/src/pages/Home/Home.js","statementMap":{"0":{"start":{"line":5,"column":13},"end":{"line":34,"column":1}},"1":{"start":{"line":6,"column":2},"end":{"line":33,"column":8}}},"fnMap":{"0":{"name":"(anonymous_0)","decl":{"start":{"line":5,"column":13},"end":{"line":5,"column":14}},"loc":{"start":{"line":6,"column":2},"end":{"line":33,"column":8}},"line":6}},"branchMap":{},"s":{"0":1,"1":0},"f":{"0":0},"b":{},"_coverageSchema":"332fd63041d2c1bcb487cc26dd0d5f7d97098a6c","hash":"3ba4e149ca448dfd91f8c26c04acae3a2a93f5fd"}
}
