TN:
SF:/home/robert/Work/github/redux-first-router-boilerplate/setupTests.js
FNF:0
FNH:0
DA:1,1
DA:9,1
LF:2
LH:2
BRF:0
BRH:0
end_of_record
TN:
SF:/home/robert/Work/github/redux-first-router-boilerplate/src/components/ArticlePromotion/ArticlePromotion.js
FN:4,(anonymous_0)
FNF:1
FNH:0
FNDA:0,(anonymous_0)
DA:5,0
LF:1
LH:0
BRF:0
BRH:0
end_of_record
TN:
SF:/home/robert/Work/github/redux-first-router-boilerplate/src/components/ArticlePromotion/index.js
FNF:0
FNH:0
LF:0
LH:0
BRF:0
BRH:0
end_of_record
TN:
SF:/home/robert/Work/github/redux-first-router-boilerplate/src/pages/Home/Home.js
FN:5,(anonymous_0)
FNF:1
FNH:0
FNDA:0,(anonymous_0)
DA:5,1
DA:6,0
LF:2
LH:1
BRF:0
BRH:0
end_of_record
